{
  "stats": {
    "suites": 1,
    "tests": 1,
    "passes": 1,
    "pending": 0,
    "failures": 0,
    "start": "2022-08-03T01:13:59.490Z",
    "end": "2022-08-03T01:14:02.976Z",
    "duration": 3486,
    "testsRegistered": 1,
    "passPercent": 100,
    "pendingPercent": 0,
    "other": 0,
    "hasOther": false,
    "skipped": 0,
    "hasSkipped": false
  },
  "results": [
    {
      "uuid": "cbc93f1d-e5e5-4cab-9a0d-e8be5c8e6bc5",
      "title": "",
      "fullFile": "cypress/integration/06.ExpensesTable_spec.js",
      "file": "cypress/integration/06.ExpensesTable_spec.js",
      "beforeHooks": [],
      "afterHooks": [],
      "tests": [],
      "suites": [
        {
          "uuid": "bec51428-852e-452b-b3c2-af8c5420169b",
          "title": "6 - Desenvolva uma tabela com os gastos contendo as seguintes características:",
          "fullFile": "",
          "file": "",
          "beforeHooks": [],
          "afterHooks": [],
          "tests": [
            {
              "title": "A tabela deve possuir um cabeçalho com os campos Descrição, Tag, Método de pagamento, Valor, Moeda, Câmbio utilizado, Valor convertido e Moeda de conversão",
              "fullTitle": "6 - Desenvolva uma tabela com os gastos contendo as seguintes características: A tabela deve possuir um cabeçalho com os campos Descrição, Tag, Método de pagamento, Valor, Moeda, Câmbio utilizado, Valor convertido e Moeda de conversão",
              "timedOut": null,
              "duration": 1924,
              "state": "passed",
              "speed": "fast",
              "pass": true,
              "fail": false,
              "pending": false,
              "context": null,
              "code": "cy.get('th').should('have.length', _constants.tableHeaderList.length);\ncy.wrap(_constants.tableHeaderList).each(header => {\n  cy.get('th').contains(header);\n});",
              "err": {},
              "uuid": "62d747e9-1afe-41d0-8717-3923b8af065e",
              "parentUUID": "bec51428-852e-452b-b3c2-af8c5420169b",
              "isHook": false,
              "skipped": false
            }
          ],
          "suites": [],
          "passes": [
            "62d747e9-1afe-41d0-8717-3923b8af065e"
          ],
          "failures": [],
          "pending": [],
          "skipped": [],
          "duration": 1924,
          "root": false,
          "rootEmpty": false,
          "_timeout": 2000
        }
      ],
      "passes": [],
      "failures": [],
      "pending": [],
      "skipped": [],
      "duration": 0,
      "root": true,
      "rootEmpty": true,
      "_timeout": 2000
    }
  ],
  "meta": {
    "mocha": {
      "version": "7.0.1"
    },
    "mochawesome": {
      "options": {
        "quiet": false,
        "reportFilename": "mochawesome",
        "saveHtml": false,
        "saveJson": true,
        "consoleReporter": "spec",
        "useInlineDiffs": false,
        "code": true
      },
      "version": "7.1.3"
    },
    "marge": {
      "options": {
        "id": "default",
        "reportDir": "cypress/reports",
        "overwrite": false,
        "html": false,
        "json": true
      },
      "version": "6.2.0"
    }
  }
}