{
  "stats": {
    "suites": 1,
    "tests": 6,
    "passes": 4,
    "pending": 0,
    "failures": 2,
    "start": "2022-07-29T22:32:50.733Z",
    "end": "2022-07-29T22:33:17.978Z",
    "duration": 27245,
    "testsRegistered": 6,
    "passPercent": 66.66666666666666,
    "pendingPercent": 0,
    "other": 0,
    "hasOther": false,
    "skipped": 0,
    "hasSkipped": false
  },
  "results": [
    {
      "uuid": "a60bdb14-e1d8-4d76-8ba7-30e9e76da0d0",
      "title": "",
      "fullFile": "cypress/integration/03.ExpensesForm_spec.js",
      "file": "cypress/integration/03.ExpensesForm_spec.js",
      "beforeHooks": [],
      "afterHooks": [],
      "tests": [],
      "suites": [
        {
          "uuid": "9f9270c0-2303-462d-8306-8bcb2e56a257",
          "title": "3 - Desenvolva um formulário para adicionar uma despesa contendo as seguintes características:",
          "fullFile": "",
          "file": "",
          "beforeHooks": [],
          "afterHooks": [],
          "tests": [
            {
              "title": "Um campo para adicionar o valor da despesa",
              "fullTitle": "3 - Desenvolva um formulário para adicionar uma despesa contendo as seguintes características: Um campo para adicionar o valor da despesa",
              "timedOut": null,
              "duration": 1565,
              "state": "passed",
              "speed": "fast",
              "pass": true,
              "fail": false,
              "pending": false,
              "context": null,
              "code": "cy.getByTestId(_constants.VALUE_INPUT_TEST_ID).should('exist');",
              "err": {},
              "uuid": "b9207f20-b430-4e39-a1a9-0a17c140fd30",
              "parentUUID": "9f9270c0-2303-462d-8306-8bcb2e56a257",
              "isHook": false,
              "skipped": false
            },
            {
              "title": "Um campo para adicionar a descrição da despesa",
              "fullTitle": "3 - Desenvolva um formulário para adicionar uma despesa contendo as seguintes características: Um campo para adicionar a descrição da despesa",
              "timedOut": null,
              "duration": 781,
              "state": "passed",
              "speed": "fast",
              "pass": true,
              "fail": false,
              "pending": false,
              "context": null,
              "code": "cy.getByTestId(_constants.DESCRIPTION_INPUT_TEST_ID).should('exist');",
              "err": {},
              "uuid": "4c3f6734-8f74-425d-81d6-7fbb1a343ca7",
              "parentUUID": "9f9270c0-2303-462d-8306-8bcb2e56a257",
              "isHook": false,
              "skipped": false
            },
            {
              "title": "Um campo para selecionar em qual moeda será registrada a despesa",
              "fullTitle": "3 - Desenvolva um formulário para adicionar uma despesa contendo as seguintes características: Um campo para selecionar em qual moeda será registrada a despesa",
              "timedOut": null,
              "duration": 10747,
              "state": "failed",
              "speed": null,
              "pass": false,
              "fail": true,
              "pending": false,
              "context": null,
              "code": "cy.getByTestId(_constants.CURRENCY_INPUT_TEST_ID).find('option').should('have.length', _constants.currenciesOptions.length);\ncy.wrap(_constants.currenciesOptions).each(currency => {\n  cy.getByTestId(_constants.CURRENCY_INPUT_TEST_ID).contains('option', currency).should('exist');\n});",
              "err": {
                "message": "AssertionError: Timed out retrying after 10000ms: Not enough elements found. Found '1', expected '15'.",
                "estack": "AssertionError: Timed out retrying after 10000ms: Not enough elements found. Found '1', expected '15'.\n    at Context.eval (http://localhost:3000/__cypress/tests?p=cypress/integration/03.ExpensesForm_spec.js:143:70)",
                "diff": "- 1\n+ 15\n"
              },
              "uuid": "630ba266-69a3-4b9f-a9f5-a73944750a86",
              "parentUUID": "9f9270c0-2303-462d-8306-8bcb2e56a257",
              "isHook": false,
              "skipped": false
            },
            {
              "title": "A chave currencies no estado global deve ser um array de siglas puxadas através de uma requisição à API",
              "fullTitle": "3 - Desenvolva um formulário para adicionar uma despesa contendo as seguintes características: A chave currencies no estado global deve ser um array de siglas puxadas através de uma requisição à API",
              "timedOut": null,
              "duration": 10785,
              "state": "failed",
              "speed": null,
              "pass": false,
              "fail": true,
              "pending": false,
              "context": null,
              "code": "cy.get('@mockFetch').should('be.calledWith', 'https://economia.awesomeapi.com.br/json/all');\ncy.window().its('store').invoke('getState').its('wallet.currencies').should('deep.equal', _constants.currenciesOptions);",
              "err": {
                "message": "AssertionError: Timed out retrying after 10000ms: expected mockFetch to have been called with arguments \"https://economia.awesomeapi.com.br/json/all\", but it was never called",
                "estack": "AssertionError: Timed out retrying after 10000ms: expected mockFetch to have been called with arguments \"https://economia.awesomeapi.com.br/json/all\", but it was never called\n    at Context.eval (http://localhost:3000/__cypress/tests?p=cypress/integration/03.ExpensesForm_spec.js:149:26)",
                "diff": null
              },
              "uuid": "c81fdc66-5149-4446-8b58-08041630c320",
              "parentUUID": "9f9270c0-2303-462d-8306-8bcb2e56a257",
              "isHook": false,
              "skipped": false
            },
            {
              "title": "Um campo para selecionar qual método de pagamento será utilizado",
              "fullTitle": "3 - Desenvolva um formulário para adicionar uma despesa contendo as seguintes características: Um campo para selecionar qual método de pagamento será utilizado",
              "timedOut": null,
              "duration": 808,
              "state": "passed",
              "speed": "fast",
              "pass": true,
              "fail": false,
              "pending": false,
              "context": null,
              "code": "cy.getByTestId(_constants.METHOD_INPUT_TEST_ID).find('option').should('have.length', _constants.methodOptions.length);\ncy.wrap(_constants.methodOptions).each(method => {\n  cy.getByTestId(_constants.METHOD_INPUT_TEST_ID).contains('option', method).should('exist');\n});",
              "err": {},
              "uuid": "43851417-81da-4a58-905f-f6ba6b9a1ab7",
              "parentUUID": "9f9270c0-2303-462d-8306-8bcb2e56a257",
              "isHook": false,
              "skipped": false
            },
            {
              "title": "Um campo para selecionar uma categoria (tag) para a despesa.",
              "fullTitle": "3 - Desenvolva um formulário para adicionar uma despesa contendo as seguintes características: Um campo para selecionar uma categoria (tag) para a despesa.",
              "timedOut": null,
              "duration": 846,
              "state": "passed",
              "speed": "fast",
              "pass": true,
              "fail": false,
              "pending": false,
              "context": null,
              "code": "cy.getByTestId(_constants.TAG_INPUT_TEST_ID).find('option').should('have.length', _constants.tagOptions.length);\ncy.wrap(_constants.tagOptions).each(tag => {\n  cy.getByTestId(_constants.TAG_INPUT_TEST_ID).contains('option', tag).should('exist');\n});",
              "err": {},
              "uuid": "431ba886-6b87-4b19-9ac9-5f34ddc8ef8e",
              "parentUUID": "9f9270c0-2303-462d-8306-8bcb2e56a257",
              "isHook": false,
              "skipped": false
            }
          ],
          "suites": [],
          "passes": [
            "b9207f20-b430-4e39-a1a9-0a17c140fd30",
            "4c3f6734-8f74-425d-81d6-7fbb1a343ca7",
            "43851417-81da-4a58-905f-f6ba6b9a1ab7",
            "431ba886-6b87-4b19-9ac9-5f34ddc8ef8e"
          ],
          "failures": [
            "630ba266-69a3-4b9f-a9f5-a73944750a86",
            "c81fdc66-5149-4446-8b58-08041630c320"
          ],
          "pending": [],
          "skipped": [],
          "duration": 25532,
          "root": false,
          "rootEmpty": false,
          "_timeout": 2000
        }
      ],
      "passes": [],
      "failures": [],
      "pending": [],
      "skipped": [],
      "duration": 0,
      "root": true,
      "rootEmpty": true,
      "_timeout": 2000
    }
  ],
  "meta": {
    "mocha": {
      "version": "7.0.1"
    },
    "mochawesome": {
      "options": {
        "quiet": false,
        "reportFilename": "mochawesome",
        "saveHtml": false,
        "saveJson": true,
        "consoleReporter": "spec",
        "useInlineDiffs": false,
        "code": true
      },
      "version": "7.1.3"
    },
    "marge": {
      "options": {
        "id": "default",
        "reportDir": "cypress/reports",
        "overwrite": false,
        "html": false,
        "json": true
      },
      "version": "6.2.0"
    }
  }
}